#
# There is insufficient memory for the Java Runtime Environment to continue.
# Native memory allocation (malloc) failed to allocate 474576 bytes. Error detail: Chunk::new
# Possible reasons:
#   The system is out of physical RAM or swap space
#   This process is running with CompressedOops enabled, and the Java Heap may be blocking the growth of the native heap
# Possible solutions:
#   Reduce memory load on the system
#   Increase physical memory or swap space
#   Check if swap backing store is full
#   Decrease Java heap size (-Xmx/-Xms)
#   Decrease number of Java threads
#   Decrease Java thread stack sizes (-Xss)
#   Set larger code cache with -XX:ReservedCodeCacheSize=
#   JVM is running with Unscaled Compressed Oops mode in which the Java heap is
#     placed in the first 4GB address space. The Java Heap base address is the
#     maximum limit for the native heap growth. Please use -XX:HeapBaseMinAddress
#     to set the Java Heap base and to place the Java Heap above 4GB virtual address.
# This output file may be truncated or incomplete.
#
#  Out of Memory Error (arena.cpp:168), pid=19516, tid=14620
#
# JRE version: OpenJDK Runtime Environment Temurin-21.0.8+9 (21.0.8+9) (build 21.0.8+9-LTS)
# Java VM: OpenJDK 64-Bit Server VM Temurin-21.0.8+9 (21.0.8+9-LTS, mixed mode, sharing, tiered, compressed oops, compressed class ptrs, g1 gc, windows-amd64)
# No core dump will be written. Minidumps are not enabled by default on client versions of Windows
#

---------------  S U M M A R Y ------------

Command Line: -ea -Dfile.encoding=UTF-8 -Dstdout.encoding=UTF-8 -Dstderr.encoding=UTF-8 -XX:+ShowCodeDetailsInExceptionMessages org.testng.remote.RemoteTestNG -serport 52879 -protocol json -d C:\Users\PC\eclipse-workspace\bigproject\test-output C:\Users\PC\AppData\Local\Temp\testng-eclipse-525187687\testng-customsuite.xml

Host: AMD Ryzen 3 3200U with Radeon Vega Mobile Gfx  , 4 cores, 3G,  Windows 11 , 64 bit Build 26100 (10.0.26100.4768)
Time: Sat Sep 13 22:51:25 2025 elapsed time: 21.586745 seconds (0d 0h 0m 21s)

---------------  T H R E A D  ---------------

Current thread (0x000002256ca607e0):  JavaThread "C2 CompilerThread0" daemon [_thread_in_native, id=14620, stack(0x000000cb10e00000,0x000000cb10f00000) (1024K)]


Current CompileTask:
C2:21586 2256       4       java.util.HashSet::add (20 bytes)

Stack: [0x000000cb10e00000,0x000000cb10f00000]
Native frames: (J=compiled Java code, j=interpreted, Vv=VM code, C=native code)
V  [jvm.dll+0x6d2449]
V  [jvm.dll+0x8ae341]
V  [jvm.dll+0x8b08be]
V  [jvm.dll+0x8b0fa3]
V  [jvm.dll+0x280c96]
V  [jvm.dll+0xc581d]
V  [jvm.dll+0xc5d53]
V  [jvm.dll+0x3b9162]
V  [jvm.dll+0x385315]
V  [jvm.dll+0x38477a]
V  [jvm.dll+0x248ed0]
V  [jvm.dll+0x2484af]
V  [jvm.dll+0x1c89ee]
V  [jvm.dll+0x257d4d]
V  [jvm.dll+0x2562ea]
V  [jvm.dll+0x3f2d16]
V  [jvm.dll+0x857e6b]
V  [jvm.dll+0x6d0b0d]
C  [ucrtbase.dll+0x37b0]
C  [KERNEL32.DLL+0x2e8d7]
C  [ntdll.dll+0x3c34c]


---------------  P R O C E S S  ---------------

Threads class SMR info:
_java_thread_list=0x00000225717852a0, length=28, elements={
0x0000022556ba56e0, 0x000002256ca531f0, 0x000002256ca54510, 0x000002256ca57d20,
0x000002256ca58770, 0x000002256ca5d860, 0x000002256ca5f2c0, 0x000002256ca607e0,
0x000002256ca821e0, 0x000002256cbaff10, 0x000002256cbb7ef0, 0x00000225711c82d0,
0x00000225717429a0, 0x00000225717f83c0, 0x00000225717c51c0, 0x00000225717c5820,
0x0000022571b812f0, 0x0000022571b81950, 0x0000022571c32a20, 0x0000022571c2fc30,
0x0000022571c31d00, 0x0000022571c302c0, 0x0000022571c30950, 0x0000022571c32390,
0x0000022571c31670, 0x0000022571c2f5a0, 0x0000022571c30fe0, 0x00000225715c24d0
}

Java Threads: ( => current thread )
  0x0000022556ba56e0 JavaThread "main"                              [_thread_in_native, id=456, stack(0x000000cb10000000,0x000000cb10100000) (1024K)]
  0x000002256ca531f0 JavaThread "Reference Handler"          daemon [_thread_blocked, id=22988, stack(0x000000cb10800000,0x000000cb10900000) (1024K)]
  0x000002256ca54510 JavaThread "Finalizer"                  daemon [_thread_blocked, id=5984, stack(0x000000cb10900000,0x000000cb10a00000) (1024K)]
  0x000002256ca57d20 JavaThread "Signal Dispatcher"          daemon [_thread_blocked, id=1428, stack(0x000000cb10a00000,0x000000cb10b00000) (1024K)]
  0x000002256ca58770 JavaThread "Attach Listener"            daemon [_thread_blocked, id=25812, stack(0x000000cb10b00000,0x000000cb10c00000) (1024K)]
  0x000002256ca5d860 JavaThread "Service Thread"             daemon [_thread_blocked, id=9372, stack(0x000000cb10c00000,0x000000cb10d00000) (1024K)]
  0x000002256ca5f2c0 JavaThread "Monitor Deflation Thread"   daemon [_thread_blocked, id=2756, stack(0x000000cb10d00000,0x000000cb10e00000) (1024K)]
=>0x000002256ca607e0 JavaThread "C2 CompilerThread0"         daemon [_thread_in_native, id=14620, stack(0x000000cb10e00000,0x000000cb10f00000) (1024K)]
  0x000002256ca821e0 JavaThread "C1 CompilerThread0"         daemon [_thread_blocked, id=15452, stack(0x000000cb10f00000,0x000000cb11000000) (1024K)]
  0x000002256cbaff10 JavaThread "Notification Thread"        daemon [_thread_blocked, id=13944, stack(0x000000cb11000000,0x000000cb11100000) (1024K)]
  0x000002256cbb7ef0 JavaThread "Common-Cleaner"             daemon [_thread_blocked, id=14880, stack(0x000000cb11100000,0x000000cb11200000) (1024K)]
  0x00000225711c82d0 JavaThread "ReaderThread"                      [_thread_in_native, id=10708, stack(0x000000cb11300000,0x000000cb11400000) (1024K)]
  0x00000225717429a0 JavaThread "ForkJoinPool.commonPool-worker-1" daemon [_thread_blocked, id=17424, stack(0x000000cb11700000,0x000000cb11800000) (1024K)]
  0x00000225717f83c0 JavaThread "HttpClient-1-SelectorManager" daemon [_thread_in_native, id=21320, stack(0x000000cb11800000,0x000000cb11900000) (1024K)]
  0x00000225717c51c0 JavaThread "External Process Output Forwarder - C:\Users\PC\.cache\selenium\msedgedriver\win64\140.0.3485.66\msedgedriver.exe" daemon [_thread_in_native, id=22676, stack(0x000000cb11900000,0x000000cb11a00000) (1024K)]
  0x00000225717c5820 JavaThread "Driver Service Executor"    daemon [_thread_blocked, id=19892, stack(0x000000cb11a00000,0x000000cb11b00000) (1024K)]
  0x0000022571b812f0 JavaThread "Driver Service Executor"    daemon [_thread_in_native, id=23500, stack(0x000000cb11b00000,0x000000cb11c00000) (1024K)]
  0x0000022571b81950 JavaThread "UrlChecker-2"               daemon [_thread_blocked, id=4284, stack(0x000000cb11c00000,0x000000cb11d00000) (1024K)]
  0x0000022571c32a20 JavaThread "JdkHttpClient-0-0"          daemon [_thread_blocked, id=12228, stack(0x000000cb11e00000,0x000000cb11f00000) (1024K)]
  0x0000022571c2fc30 JavaThread "CompletableFutureDelayScheduler" daemon [_thread_blocked, id=10656, stack(0x000000cb11f00000,0x000000cb12000000) (1024K)]
  0x0000022571c31d00 JavaThread "JdkHttpClient-0-1"          daemon [_thread_blocked, id=4556, stack(0x000000cb12000000,0x000000cb12100000) (1024K)]
  0x0000022571c302c0 JavaThread "JdkHttpClient-0-2"          daemon [_thread_blocked, id=23964, stack(0x000000cb12100000,0x000000cb12200000) (1024K)]
  0x0000022571c30950 JavaThread "JdkHttpClient-0-3"          daemon [_thread_blocked, id=26176, stack(0x000000cb12200000,0x000000cb12300000) (1024K)]
  0x0000022571c32390 JavaThread "HttpClient-2-SelectorManager" daemon [_thread_in_native, id=20952, stack(0x000000cb12300000,0x000000cb12400000) (1024K)]
  0x0000022571c31670 JavaThread "JdkHttpClient-1-0"          daemon [_thread_blocked, id=480, stack(0x000000cb12400000,0x000000cb12500000) (1024K)]
  0x0000022571c2f5a0 JavaThread "JdkHttpClient-1-1"          daemon [_thread_blocked, id=9920, stack(0x000000cb12500000,0x000000cb12600000) (1024K)]
  0x0000022571c30fe0 JavaThread "JdkHttpClient-1-2"          daemon [_thread_blocked, id=16748, stack(0x000000cb12600000,0x000000cb12700000) (1024K)]
  0x00000225715c24d0 JavaThread "JdkHttpClient-1-3"          daemon [_thread_blocked, id=17436, stack(0x000000cb12700000,0x000000cb12800000) (1024K)]
Total: 28

Other Threads:
  0x000002256ca364f0 VMThread "VM Thread"                           [id=9392, stack(0x000000cb10700000,0x000000cb10800000) (1024K)]
  0x000002256ca21af0 WatcherThread "VM Periodic Task Thread"        [id=8812, stack(0x000000cb10600000,0x000000cb10700000) (1024K)]
  0x0000022556bd98e0 WorkerThread "GC Thread#0"                     [id=14840, stack(0x000000cb10100000,0x000000cb10200000) (1024K)]
  0x000002257126d700 WorkerThread "GC Thread#1"                     [id=16456, stack(0x000000cb11400000,0x000000cb11500000) (1024K)]
  0x000002257126daa0 WorkerThread "GC Thread#2"                     [id=4140, stack(0x000000cb11500000,0x000000cb11600000) (1024K)]
  0x000002257126de40 WorkerThread "GC Thread#3"                     [id=4288, stack(0x000000cb11600000,0x000000cb11700000) (1024K)]
  0x0000022556be1410 ConcurrentGCThread "G1 Main Marker"            [id=22256, stack(0x000000cb10200000,0x000000cb10300000) (1024K)]
  0x0000022556be3510 WorkerThread "G1 Conc#0"                       [id=20720, stack(0x000000cb10300000,0x000000cb10400000) (1024K)]
  0x000002256c8f10b0 ConcurrentGCThread "G1 Refine#0"               [id=22980, stack(0x000000cb10400000,0x000000cb10500000) (1024K)]
  0x000002256c8fb260 ConcurrentGCThread "G1 Service"                [id=21788, stack(0x000000cb10500000,0x000000cb10600000) (1024K)]
Total: 10

Threads with active compile tasks:
C2 CompilerThread0  22652 2256       4       java.util.HashSet::add (20 bytes)
Total: 1

VM state: not at safepoint (normal execution)

VM Mutex/Monitor currently owned by a thread: None

Heap address: 0x00000000c9e00000, size: 866 MB, Compressed Oops mode: 32-bit

CDS archive(s) mapped at: [0x0000022500000000-0x0000022500c80000-0x0000022500c80000), size 13107200, SharedBaseAddress: 0x0000022500000000, ArchiveRelocationMode: 1.
Compressed class space mapped at: 0x0000022501000000-0x0000022541000000, reserved size: 1073741824
Narrow klass base: 0x0000022500000000, Narrow klass shift: 0, Narrow klass range: 0x100000000

GC Precious Log:
 CardTable entry size: 512
 Card Set container configuration: InlinePtr #cards 5 size 8 Array Of Cards #cards 12 size 40 Howl #buckets 4 coarsen threshold 1843 Howl Bitmap #cards 512 size 80 coarsen threshold 460 Card regions per heap region 1 cards per card region 2048
 CPUs: 4 total, 4 available
 Memory: 3460M
 Large Page Support: Disabled
 NUMA Support: Disabled
 Compressed Oops: Enabled (32-bit)
 Heap Region Size: 1M
 Heap Min Capacity: 8M
 Heap Initial Capacity: 56M
 Heap Max Capacity: 866M
 Pre-touch: Disabled
 Parallel Workers: 4
 Concurrent Workers: 1
 Concurrent Refinement Workers: 4
 Periodic GC: Disabled

Heap:
 garbage-first heap   total 57344K, used 26805K [0x00000000c9e00000, 0x0000000100000000)
  region size 1024K, 22 young (22528K), 3 survivors (3072K)
 Metaspace       used 17156K, committed 17600K, reserved 1114112K
  class space    used 2100K, committed 2304K, reserved 1048576K

Heap Regions: E=young(eden), S=young(survivor), O=old, HS=humongous(starts), HC=humongous(continues), CS=collection set, F=free, TAMS=top-at-mark-start, PB=parsable bottom
|   0|0x00000000c9e00000, 0x00000000c9f00000, 0x00000000c9f00000|100%|HS|  |TAMS 0x00000000c9e00000| PB 0x00000000c9e00000| Complete 
|   1|0x00000000c9f00000, 0x00000000ca000000, 0x00000000ca000000|100%| O|  |TAMS 0x00000000c9f00000| PB 0x00000000c9f00000| Untracked 
|   2|0x00000000ca000000, 0x00000000ca100000, 0x00000000ca100000|100%| O|  |TAMS 0x00000000ca000000| PB 0x00000000ca000000| Untracked 
|   3|0x00000000ca100000, 0x00000000ca200000, 0x00000000ca200000|100%| O|  |TAMS 0x00000000ca100000| PB 0x00000000ca100000| Untracked 
|   4|0x00000000ca200000, 0x00000000ca300000, 0x00000000ca300000|100%| O|  |TAMS 0x00000000ca200000| PB 0x00000000ca200000| Untracked 
|   5|0x00000000ca300000, 0x00000000ca400000, 0x00000000ca400000|100%| O|  |TAMS 0x00000000ca300000| PB 0x00000000ca300000| Untracked 
|   6|0x00000000ca400000, 0x00000000ca42d5e8, 0x00000000ca500000| 17%| O|  |TAMS 0x00000000ca400000| PB 0x00000000ca400000| Untracked 
|   7|0x00000000ca500000, 0x00000000ca500000, 0x00000000ca600000|  0%| F|  |TAMS 0x00000000ca500000| PB 0x00000000ca500000| Untracked 
|   8|0x00000000ca600000, 0x00000000ca600000, 0x00000000ca700000|  0%| F|  |TAMS 0x00000000ca600000| PB 0x00000000ca600000| Untracked 
|   9|0x00000000ca700000, 0x00000000ca700000, 0x00000000ca800000|  0%| F|  |TAMS 0x00000000ca700000| PB 0x00000000ca700000| Untracked 
|  10|0x00000000ca800000, 0x00000000ca800000, 0x00000000ca900000|  0%| F|  |TAMS 0x00000000ca800000| PB 0x00000000ca800000| Untracked 
|  11|0x00000000ca900000, 0x00000000ca900000, 0x00000000caa00000|  0%| F|  |TAMS 0x00000000ca900000| PB 0x00000000ca900000| Untracked 
|  12|0x00000000caa00000, 0x00000000caa00000, 0x00000000cab00000|  0%| F|  |TAMS 0x00000000caa00000| PB 0x00000000caa00000| Untracked 
|  13|0x00000000cab00000, 0x00000000cab00000, 0x00000000cac00000|  0%| F|  |TAMS 0x00000000cab00000| PB 0x00000000cab00000| Untracked 
|  14|0x00000000cac00000, 0x00000000cac00000, 0x00000000cad00000|  0%| F|  |TAMS 0x00000000cac00000| PB 0x00000000cac00000| Untracked 
|  15|0x00000000cad00000, 0x00000000cad00000, 0x00000000cae00000|  0%| F|  |TAMS 0x00000000cad00000| PB 0x00000000cad00000| Untracked 
|  16|0x00000000cae00000, 0x00000000cae00000, 0x00000000caf00000|  0%| F|  |TAMS 0x00000000cae00000| PB 0x00000000cae00000| Untracked 
|  17|0x00000000caf00000, 0x00000000caf00000, 0x00000000cb000000|  0%| F|  |TAMS 0x00000000caf00000| PB 0x00000000caf00000| Untracked 
|  18|0x00000000cb000000, 0x00000000cb000000, 0x00000000cb100000|  0%| F|  |TAMS 0x00000000cb000000| PB 0x00000000cb000000| Untracked 
|  19|0x00000000cb100000, 0x00000000cb100000, 0x00000000cb200000|  0%| F|  |TAMS 0x00000000cb100000| PB 0x00000000cb100000| Untracked 
|  20|0x00000000cb200000, 0x00000000cb200000, 0x00000000cb300000|  0%| F|  |TAMS 0x00000000cb200000| PB 0x00000000cb200000| Untracked 
|  21|0x00000000cb300000, 0x00000000cb300000, 0x00000000cb400000|  0%| F|  |TAMS 0x00000000cb300000| PB 0x00000000cb300000| Untracked 
|  22|0x00000000cb400000, 0x00000000cb400000, 0x00000000cb500000|  0%| F|  |TAMS 0x00000000cb400000| PB 0x00000000cb400000| Untracked 
|  23|0x00000000cb500000, 0x00000000cb500000, 0x00000000cb600000|  0%| F|  |TAMS 0x00000000cb500000| PB 0x00000000cb500000| Untracked 
|  24|0x00000000cb600000, 0x00000000cb600000, 0x00000000cb700000|  0%| F|  |TAMS 0x00000000cb600000| PB 0x00000000cb600000| Untracked 
|  25|0x00000000cb700000, 0x00000000cb700000, 0x00000000cb800000|  0%| F|  |TAMS 0x00000000cb700000| PB 0x00000000cb700000| Untracked 
|  26|0x00000000cb800000, 0x00000000cb800000, 0x00000000cb900000|  0%| F|  |TAMS 0x00000000cb800000| PB 0x00000000cb800000| Untracked 
|  27|0x00000000cb900000, 0x00000000cb900000, 0x00000000cba00000|  0%| F|  |TAMS 0x00000000cb900000| PB 0x00000000cb900000| Untracked 
|  28|0x00000000cba00000, 0x00000000cba00000, 0x00000000cbb00000|  0%| F|  |TAMS 0x00000000cba00000| PB 0x00000000cba00000| Untracked 
|  29|0x00000000cbb00000, 0x00000000cbb00000, 0x00000000cbc00000|  0%| F|  |TAMS 0x00000000cbb00000| PB 0x00000000cbb00000| Untracked 
|  30|0x00000000cbc00000, 0x00000000cbc00000, 0x00000000cbd00000|  0%| F|  |TAMS 0x00000000cbc00000| PB 0x00000000cbc00000| Untracked 
|  31|0x00000000cbd00000, 0x00000000cbd00000, 0x00000000cbe00000|  0%| F|  |TAMS 0x00000000cbd00000| PB 0x00000000cbd00000| Untracked 
|  32|0x00000000cbe00000, 0x00000000cbe00000, 0x00000000cbf00000|  0%| F|  |TAMS 0x00000000cbe00000| PB 0x00000000cbe00000| Untracked 
|  33|0x00000000cbf00000, 0x00000000cbf00000, 0x00000000cc000000|  0%| F|  |TAMS 0x00000000cbf00000| PB 0x00000000cbf00000| Untracked 
|  34|0x00000000cc000000, 0x00000000cc100000, 0x00000000cc100000|100%| S|CS|TAMS 0x00000000cc000000| PB 0x00000000cc000000| Complete 
|  35|0x00000000cc100000, 0x00000000cc200000, 0x00000000cc200000|100%| S|CS|TAMS 0x00000000cc100000| PB 0x00000000cc100000| Complete 
|  36|0x00000000cc200000, 0x00000000cc300000, 0x00000000cc300000|100%| S|CS|TAMS 0x00000000cc200000| PB 0x00000000cc200000| Complete 
|  37|0x00000000cc300000, 0x00000000cc400000, 0x00000000cc400000|100%| E|  |TAMS 0x00000000cc300000| PB 0x00000000cc300000| Complete 
|  38|0x00000000cc400000, 0x00000000cc500000, 0x00000000cc500000|100%| E|CS|TAMS 0x00000000cc400000| PB 0x00000000cc400000| Complete 
|  39|0x00000000cc500000, 0x00000000cc600000, 0x00000000cc600000|100%| E|CS|TAMS 0x00000000cc500000| PB 0x00000000cc500000| Complete 
|  40|0x00000000cc600000, 0x00000000cc700000, 0x00000000cc700000|100%| E|CS|TAMS 0x00000000cc600000| PB 0x00000000cc600000| Complete 
|  41|0x00000000cc700000, 0x00000000cc800000, 0x00000000cc800000|100%| E|CS|TAMS 0x00000000cc700000| PB 0x00000000cc700000| Complete 
|  42|0x00000000cc800000, 0x00000000cc900000, 0x00000000cc900000|100%| E|CS|TAMS 0x00000000cc800000| PB 0x00000000cc800000| Complete 
|  43|0x00000000cc900000, 0x00000000cca00000, 0x00000000cca00000|100%| E|CS|TAMS 0x00000000cc900000| PB 0x00000000cc900000| Complete 
|  44|0x00000000cca00000, 0x00000000ccb00000, 0x00000000ccb00000|100%| E|CS|TAMS 0x00000000cca00000| PB 0x00000000cca00000| Complete 
|  45|0x00000000ccb00000, 0x00000000ccc00000, 0x00000000ccc00000|100%| E|CS|TAMS 0x00000000ccb00000| PB 0x00000000ccb00000| Complete 
|  46|0x00000000ccc00000, 0x00000000ccd00000, 0x00000000ccd00000|100%| E|CS|TAMS 0x00000000ccc00000| PB 0x00000000ccc00000| Complete 
|  47|0x00000000ccd00000, 0x00000000cce00000, 0x00000000cce00000|100%| E|CS|TAMS 0x00000000ccd00000| PB 0x00000000ccd00000| Complete 
|  48|0x00000000cce00000, 0x00000000ccf00000, 0x00000000ccf00000|100%| E|  |TAMS 0x00000000cce00000| PB 0x00000000cce00000| Complete 
|  49|0x00000000ccf00000, 0x00000000cd000000, 0x00000000cd000000|100%| E|CS|TAMS 0x00000000ccf00000| PB 0x00000000ccf00000| Complete 
|  50|0x00000000cd000000, 0x00000000cd100000, 0x00000000cd100000|100%| E|CS|TAMS 0x00000000cd000000| PB 0x00000000cd000000| Complete 
|  51|0x00000000cd100000, 0x00000000cd200000, 0x00000000cd200000|100%| E|CS|TAMS 0x00000000cd100000| PB 0x00000000cd100000| Complete 
|  52|0x00000000cd200000, 0x00000000cd300000, 0x00000000cd300000|100%| E|CS|TAMS 0x00000000cd200000| PB 0x00000000cd200000| Complete 
|  53|0x00000000cd300000, 0x00000000cd400000, 0x00000000cd400000|100%| E|CS|TAMS 0x00000000cd300000| PB 0x00000000cd300000| Complete 
|  54|0x00000000cd400000, 0x00000000cd500000, 0x00000000cd500000|100%| E|CS|TAMS 0x00000000cd400000| PB 0x00000000cd400000| Complete 
|  55|0x00000000cd500000, 0x00000000cd600000, 0x00000000cd600000|100%| E|CS|TAMS 0x00000000cd500000| PB 0x00000000cd500000| Complete 

Card table byte_map: [0x0000022569540000,0x0000022569700000] _byte_map_base: 0x0000022568ef1000

Marking Bits: (CMBitMap*) 0x0000022556bd9ef0
 Bits: [0x0000022569700000, 0x000002256a488000)

Polling page: 0x0000022554bf0000

Metaspace:

Usage:
  Non-class:     14.73 MB used.
      Class:      2.05 MB used.
       Both:     16.78 MB used.

Virtual space:
  Non-class space:       64.00 MB reserved,      15.00 MB ( 23%) committed,  1 nodes.
      Class space:        1.00 GB reserved,       2.25 MB ( <1%) committed,  1 nodes.
             Both:        1.06 GB reserved,      17.25 MB (  2%) committed. 

Chunk freelists:
   Non-Class:  860.00 KB
       Class:  13.72 MB
        Both:  14.56 MB

MaxMetaspaceSize: unlimited
CompressedClassSpaceSize: 1.00 GB
Initial GC threshold: 21.00 MB
Current GC threshold: 21.00 MB
CDS: on
 - commit_granule_bytes: 65536.
 - commit_granule_words: 8192.
 - virtual_space_node_default_size: 8388608.
 - enlarge_chunks_in_place: 1.
 - use_allocation_guard: 0.


Internal statistics:

num_allocs_failed_limit: 0.
num_arena_births: 510.
num_arena_deaths: 0.
num_vsnodes_births: 2.
num_vsnodes_deaths: 0.
num_space_committed: 276.
num_space_uncommitted: 0.
num_chunks_returned_to_freelist: 0.
num_chunks_taken_from_freelist: 993.
num_chunk_merges: 0.
num_chunk_splits: 579.
num_chunks_enlarged: 315.
num_inconsistent_stats: 0.

CodeHeap 'non-profiled nmethods': size=120000Kb used=846Kb max_used=846Kb free=119153Kb
 bounds [0x0000022562010000, 0x0000022562280000, 0x0000022569540000]
CodeHeap 'profiled nmethods': size=120000Kb used=4275Kb max_used=4275Kb free=115724Kb
 bounds [0x000002255a540000, 0x000002255a970000, 0x0000022561a70000]
CodeHeap 'non-nmethods': size=5760Kb used=1512Kb max_used=1521Kb free=4247Kb
 bounds [0x0000022561a70000, 0x0000022561ce0000, 0x0000022562010000]
CodeCache: size=245760Kb, used=6633Kb, max_used=6642Kb, free=239124Kb
 total_blobs=2872, nmethods=2290, adapters=486, full_count=0
Compilation: enabled, stopped_count=0, restarted_count=0

Compilation events (20 events):
Event: 19.533 Thread 0x000002256ca821e0 2258       3       java.util.stream.Collectors$$Lambda/0x800000046::get (16 bytes)
Event: 19.533 Thread 0x000002256ca821e0 nmethod 2258 0x000002255a95f090 code [0x000002255a95f240, 0x000002255a95f390]
Event: 19.533 Thread 0x000002256ca821e0 2259       3       java.util.stream.Collectors::lambda$joining$11 (11 bytes)
Event: 19.533 Thread 0x000002256ca821e0 nmethod 2259 0x000002255a95f410 code [0x000002255a95f5c0, 0x000002255a95f760]
Event: 19.534 Thread 0x000002256ca821e0 2260       3       org.testng.internal.annotations.JDK15AnnotationFinder::findAnnotation (8 bytes)
Event: 19.534 Thread 0x000002256ca821e0 nmethod 2260 0x000002255a95f810 code [0x000002255a95f9c0, 0x000002255a95fb30]
Event: 19.534 Thread 0x000002256ca821e0 2261       3       java.lang.invoke.DirectMethodHandle$Holder::invokeStatic (14 bytes)
Event: 19.534 Thread 0x000002256ca821e0 nmethod 2261 0x000002255a95fc10 code [0x000002255a95fde0, 0x000002255a9602e8]
Event: 19.534 Thread 0x000002256ca821e0 2262       3       java.lang.invoke.DirectMethodHandle$Holder::invokeStatic (17 bytes)
Event: 19.534 Thread 0x000002256ca821e0 nmethod 2262 0x000002255a960410 code [0x000002255a9605e0, 0x000002255a960a88]
Event: 19.539 Thread 0x000002256ca821e0 2263       3       java.lang.invoke.DirectMethodHandle$Holder::invokeStatic (17 bytes)
Event: 19.539 Thread 0x000002256ca821e0 nmethod 2263 0x000002255a960b90 code [0x000002255a960d60, 0x000002255a961270]
Event: 19.541 Thread 0x000002256ca821e0 2264       3       java.lang.invoke.Invokers$Holder::linkToTargetMethod (10 bytes)
Event: 19.541 Thread 0x000002256ca821e0 nmethod 2264 0x000002255a961390 code [0x000002255a961560, 0x000002255a9619a0]
Event: 19.546 Thread 0x000002256ca821e0 2265       3       java.lang.System$2::join (11 bytes)
Event: 19.549 Thread 0x000002256ca821e0 nmethod 2265 0x000002255a961a90 code [0x000002255a961e00, 0x000002255a963378]
Event: 19.549 Thread 0x000002256ca821e0 2267       3       java.lang.invoke.DirectMethodHandle$Holder::newInvokeSpecial (28 bytes)
Event: 19.549 Thread 0x000002256ca821e0 nmethod 2267 0x000002255a963e90 code [0x000002255a964080, 0x000002255a964820]
Event: 19.549 Thread 0x000002256ca821e0 2266       3       java.lang.Boolean::toString (8 bytes)
Event: 19.549 Thread 0x000002256ca821e0 nmethod 2266 0x000002255a964a10 code [0x000002255a964bc0, 0x000002255a964da8]

GC Heap History (4 events):
Event: 1.622 GC heap before
{Heap before GC invocations=0 (full 0):
 garbage-first heap   total 57344K, used 14336K [0x00000000c9e00000, 0x0000000100000000)
  region size 1024K, 13 young (13312K), 0 survivors (0K)
 Metaspace       used 6065K, committed 6272K, reserved 1114112K
  class space    used 671K, committed 768K, reserved 1048576K
}
Event: 1.630 GC heap after
{Heap after GC invocations=1 (full 0):
 garbage-first heap   total 57344K, used 4288K [0x00000000c9e00000, 0x0000000100000000)
  region size 1024K, 2 young (2048K), 2 survivors (2048K)
 Metaspace       used 6065K, committed 6272K, reserved 1114112K
  class space    used 671K, committed 768K, reserved 1048576K
}
Event: 2.902 GC heap before
{Heap before GC invocations=1 (full 0):
 garbage-first heap   total 57344K, used 20672K [0x00000000c9e00000, 0x0000000100000000)
  region size 1024K, 19 young (19456K), 2 survivors (2048K)
 Metaspace       used 11250K, committed 11584K, reserved 1114112K
  class space    used 1303K, committed 1472K, reserved 1048576K
}
Event: 2.910 GC heap after
{Heap after GC invocations=2 (full 0):
 garbage-first heap   total 57344K, used 9397K [0x00000000c9e00000, 0x0000000100000000)
  region size 1024K, 3 young (3072K), 3 survivors (3072K)
 Metaspace       used 11250K, committed 11584K, reserved 1114112K
  class space    used 1303K, committed 1472K, reserved 1048576K
}

Dll operation events (10 events):
Event: 0.032 Loaded shared library C:\Users\PC\.p2\pool\plugins\org.eclipse.justj.openjdk.hotspot.jre.full.win32.x86_64_21.0.8.v20250724-1412\jre\bin\java.dll
Event: 0.121 Loaded shared library C:\Users\PC\.p2\pool\plugins\org.eclipse.justj.openjdk.hotspot.jre.full.win32.x86_64_21.0.8.v20250724-1412\jre\bin\zip.dll
Event: 0.325 Loaded shared library C:\Users\PC\.p2\pool\plugins\org.eclipse.justj.openjdk.hotspot.jre.full.win32.x86_64_21.0.8.v20250724-1412\jre\bin\net.dll
Event: 0.333 Loaded shared library C:\Users\PC\.p2\pool\plugins\org.eclipse.justj.openjdk.hotspot.jre.full.win32.x86_64_21.0.8.v20250724-1412\jre\bin\nio.dll
Event: 0.341 Loaded shared library C:\Users\PC\.p2\pool\plugins\org.eclipse.justj.openjdk.hotspot.jre.full.win32.x86_64_21.0.8.v20250724-1412\jre\bin\zip.dll
Event: 0.636 Loaded shared library C:\Users\PC\.p2\pool\plugins\org.eclipse.justj.openjdk.hotspot.jre.full.win32.x86_64_21.0.8.v20250724-1412\jre\bin\jimage.dll
Event: 1.005 Loaded shared library C:\Users\PC\.p2\pool\plugins\org.eclipse.justj.openjdk.hotspot.jre.full.win32.x86_64_21.0.8.v20250724-1412\jre\bin\extnet.dll
Event: 1.814 Loaded shared library C:\Users\PC\.p2\pool\plugins\org.eclipse.justj.openjdk.hotspot.jre.full.win32.x86_64_21.0.8.v20250724-1412\jre\bin\management.dll
Event: 1.820 Loaded shared library C:\Users\PC\.p2\pool\plugins\org.eclipse.justj.openjdk.hotspot.jre.full.win32.x86_64_21.0.8.v20250724-1412\jre\bin\management_ext.dll
Event: 2.966 Loaded shared library C:\Users\PC\.p2\pool\plugins\org.eclipse.justj.openjdk.hotspot.jre.full.win32.x86_64_21.0.8.v20250724-1412\jre\bin\sunmscapi.dll

Deoptimization events (20 events):
Event: 3.076 Thread 0x0000022556ba56e0 DEOPT PACKING pc=0x000002256206e764 sp=0x000000cb100fcdd0
Event: 3.076 Thread 0x0000022556ba56e0 DEOPT UNPACKING pc=0x0000022561ac46a2 sp=0x000000cb100fcd88 mode 2
Event: 3.132 Thread 0x0000022571b81950 Uncommon trap: trap_request=0xffffffde fr.pc=0x000002256206e764 relative=0x0000000000000304
Event: 3.132 Thread 0x0000022571b81950 Uncommon trap: reason=class_check action=maybe_recompile pc=0x000002256206e764 method=java.util.regex.Pattern$BmpCharPropertyGreedy.match(Ljava/util/regex/Matcher;ILjava/lang/CharSequence;)Z @ 26 c2
Event: 3.132 Thread 0x0000022571b81950 DEOPT PACKING pc=0x000002256206e764 sp=0x000000cb11cfe020
Event: 3.132 Thread 0x0000022571b81950 DEOPT UNPACKING pc=0x0000022561ac46a2 sp=0x000000cb11cfdfb8 mode 2
Event: 3.473 Thread 0x00000225717f83c0 Uncommon trap: trap_request=0xffffff45 fr.pc=0x0000022562077b78 relative=0x0000000000000e78
Event: 3.473 Thread 0x00000225717f83c0 Uncommon trap: reason=unstable_if action=reinterpret pc=0x0000022562077b78 method=java.util.concurrent.ConcurrentHashMap.addCount(JI)V @ 171 c2
Event: 3.473 Thread 0x00000225717f83c0 DEOPT PACKING pc=0x0000022562077b78 sp=0x000000cb118fda00
Event: 3.473 Thread 0x00000225717f83c0 DEOPT UNPACKING pc=0x0000022561ac46a2 sp=0x000000cb118fd8b0 mode 2
Event: 3.473 Thread 0x00000225717f83c0 Uncommon trap: trap_request=0xffffff45 fr.pc=0x00000225620a2978 relative=0x00000000000015b8
Event: 3.473 Thread 0x00000225717f83c0 Uncommon trap: reason=unstable_if action=reinterpret pc=0x00000225620a2978 method=java.util.concurrent.ConcurrentHashMap.transfer([Ljava/util/concurrent/ConcurrentHashMap$Node;[Ljava/util/concurrent/ConcurrentHashMap$Node;)V @ 34 c2
Event: 3.473 Thread 0x00000225717f83c0 DEOPT PACKING pc=0x00000225620a2978 sp=0x000000cb118fd7f0
Event: 3.473 Thread 0x00000225717f83c0 DEOPT UNPACKING pc=0x0000022561ac46a2 sp=0x000000cb118fd780 mode 2
Event: 3.473 Thread 0x00000225717f83c0 Uncommon trap: trap_request=0xffffff45 fr.pc=0x000002256205aeb4 relative=0x0000000000000274
Event: 3.473 Thread 0x00000225717f83c0 Uncommon trap: reason=unstable_if action=reinterpret pc=0x000002256205aeb4 method=java.util.concurrent.ConcurrentHashMap.get(Ljava/lang/Object;)Ljava/lang/Object; @ 86 c2
Event: 3.473 Thread 0x00000225717f83c0 DEOPT PACKING pc=0x000002256205aeb4 sp=0x000000cb118fda20
Event: 3.473 Thread 0x00000225717f83c0 DEOPT UNPACKING pc=0x0000022561ac46a2 sp=0x000000cb118fd988 mode 2
Event: 19.069 Thread 0x0000022556ba56e0 DEOPT PACKING pc=0x000002255a8fc97a sp=0x000000cb100fc530
Event: 19.069 Thread 0x0000022556ba56e0 DEOPT UNPACKING pc=0x0000022561ac4e42 sp=0x000000cb100fba40 mode 0

Classes loaded (20 events):
Event: 19.513 Loading class java/util/stream/ForEachOps$ForEachTask
Event: 19.514 Loading class java/util/stream/ForEachOps$ForEachTask done
Event: 19.515 Loading class java/util/stream/SortedOps$SizedRefSortingSink
Event: 19.515 Loading class java/util/stream/SortedOps$SizedRefSortingSink done
Event: 19.521 Loading class java/util/stream/Nodes$CollectorTask$OfRef
Event: 19.522 Loading class java/util/stream/Nodes$CollectorTask
Event: 19.522 Loading class java/util/stream/Nodes$CollectorTask done
Event: 19.522 Loading class java/util/stream/Nodes$CollectorTask$OfRef done
Event: 19.522 Loading class java/util/function/LongFunction
Event: 19.522 Loading class java/util/function/LongFunction done
Event: 19.522 Loading class java/util/stream/Nodes$ConcNode
Event: 19.523 Loading class java/util/stream/Nodes$AbstractConcNode
Event: 19.523 Loading class java/util/stream/Nodes$AbstractConcNode done
Event: 19.523 Loading class java/util/stream/Nodes$ConcNode done
Event: 19.535 Loading class java/util/IdentityHashMap$ValueSpliterator
Event: 19.535 Loading class java/util/IdentityHashMap$IdentityHashMapSpliterator
Event: 19.536 Loading class java/util/IdentityHashMap$IdentityHashMapSpliterator done
Event: 19.536 Loading class java/util/IdentityHashMap$ValueSpliterator done
Event: 19.541 Loading class java/util/stream/MatchOps$MatchTask
Event: 19.541 Loading class java/util/stream/MatchOps$MatchTask done

Classes unloaded (0 events):
No events

Classes redefined (0 events):
No events

Internal exceptions (20 events):
Event: 3.075 Thread 0x0000022556ba56e0 Exception <a 'java/lang/NoSuchMethodError'{0x00000000cd279a68}: 'int java.lang.invoke.DirectMethodHandle$Holder.invokeSpecialIFC(java.lang.Object, java.lang.Object, java.lang.Object, java.lang.Object)'> (0x00000000cd279a68) 
thrown [s\src\hotspot\share\interpreter\linkResolver.cpp, line 773]
Event: 3.081 Thread 0x0000022556ba56e0 Exception <a 'java/lang/NoSuchMethodError'{0x00000000cd298298}: 'java.lang.Object java.lang.invoke.DirectMethodHandle$Holder.invokeVirtual(java.lang.Object, java.lang.Object, java.lang.Object, java.lang.Object)'> (0x00000000cd298298) 
thrown [s\src\hotspot\share\interpreter\linkResolver.cpp, line 773]
Event: 3.141 Thread 0x0000022571b81950 Exception <a 'java/net/ConnectException'{0x00000000cd12e418}: Connection refused: getsockopt> (0x00000000cd12e418) 
thrown [s\src\hotspot\share\prims\jni.cpp, line 539]
Event: 3.159 Thread 0x0000022571b81950 Exception <a 'java/net/ConnectException'{0x00000000cd12f568}: Connection refused: getsockopt> (0x00000000cd12f568) 
thrown [s\src\hotspot\share\prims\jni.cpp, line 539]
Event: 3.203 Thread 0x0000022571b81950 Exception <a 'java/net/ConnectException'{0x00000000cd1304b0}: Connection refused: getsockopt> (0x00000000cd1304b0) 
thrown [s\src\hotspot\share\prims\jni.cpp, line 539]
Event: 3.320 Thread 0x0000022556ba56e0 Exception <a 'java/lang/NoSuchMethodError'{0x00000000cd1e3110}: 'java.lang.Object java.lang.invoke.DirectMethodHandle$Holder.newInvokeSpecial(java.lang.Object, java.lang.Object, int, int)'> (0x00000000cd1e3110) 
thrown [s\src\hotspot\share\interpreter\linkResolver.cpp, line 773]
Event: 3.323 Thread 0x0000022556ba56e0 Exception <a 'java/lang/NoSuchMethodError'{0x00000000cd1ede20}: 'void java.lang.invoke.DirectMethodHandle$Holder.invokeStatic(java.lang.Object, java.lang.Object, int)'> (0x00000000cd1ede20) 
thrown [s\src\hotspot\share\interpreter\linkResolver.cpp, line 773]
Event: 3.337 Thread 0x0000022556ba56e0 Exception <a 'java/lang/NoSuchMethodError'{0x00000000cd0420a0}: 'java.lang.Object java.lang.invoke.DirectMethodHandle$Holder.newInvokeSpecial(java.lang.Object, java.lang.Object, java.lang.Object, java.lang.Object, java.lang.Object)'> (0x00000000cd0420a0) 
thrown [s\src\hotspot\share\interpreter\linkResolver.cpp, line 773]
Event: 3.414 Thread 0x0000022571c32a20 Exception <a 'java/lang/NoSuchMethodError'{0x00000000cce66880}: 'java.lang.Object java.lang.invoke.DirectMethodHandle$Holder.invokeSpecial(java.lang.Object, java.lang.Object, java.lang.Object, java.lang.Object, int)'> (0x00000000cce66880) 
thrown [s\src\hotspot\share\interpreter\linkResolver.cpp, line 773]
Event: 3.415 Thread 0x0000022571c32a20 Exception <a 'java/lang/NoSuchMethodError'{0x00000000cce6a1e8}: 'java.lang.Object java.lang.invoke.Invokers$Holder.linkToTargetMethod(java.lang.Object, java.lang.Object, int, java.lang.Object)'> (0x00000000cce6a1e8) 
thrown [s\src\hotspot\share\interpreter\linkResolver.cpp, line 773]
Event: 3.453 Thread 0x0000022571c32a20 Exception <a 'java/lang/NoSuchMethodError'{0x00000000ccd80e40}: 'void java.lang.invoke.DirectMethodHandle$Holder.invokeSpecial(java.lang.Object, java.lang.Object, java.lang.Object, java.lang.Object, java.lang.Object)'> (0x00000000ccd80e40) 
thrown [s\src\hotspot\share\interpreter\linkResolver.cpp, line 773]
Event: 8.291 Thread 0x0000022571c31d00 Exception <a 'java/lang/NoSuchMethodError'{0x00000000ccb6fb20}: 'void java.lang.invoke.DirectMethodHandle$Holder.invokeSpecial(java.lang.Object, java.lang.Object, java.lang.Object, java.lang.Object, java.lang.Object, java.lang.Object, java.lang.Object)'> (0x00000000ccb6fb20) 
thrown [s\src\hotspot\share\interpreter\linkResolver.cpp, line 773]
Event: 8.467 Thread 0x0000022556ba56e0 Exception <a 'java/lang/NoSuchMethodError'{0x00000000cd094f70}: 'java.lang.Object java.lang.invoke.DirectMethodHandle$Holder.invokeSpecialIFC(java.lang.Object, java.lang.Object, java.lang.Object)'> (0x00000000cd094f70) 
thrown [s\src\hotspot\share\interpreter\linkResolver.cpp, line 773]
Event: 19.264 Thread 0x0000022556ba56e0 Exception <a 'java/lang/ClassNotFoundException'{0x00000000cc60f710}: sun/util/logging/resources/spi/loggingProvider> (0x00000000cc60f710) 
thrown [s\src\hotspot\share\classfile\systemDictionary.cpp, line 312]
Event: 19.454 Thread 0x0000022556ba56e0 Exception <a 'java/lang/IncompatibleClassChangeError'{0x00000000cc6de098}: Found class java.lang.Object, but interface was expected> (0x00000000cc6de098) 
thrown [s\src\hotspot\share\interpreter\linkResolver.cpp, line 840]
Event: 19.481 Thread 0x0000022556ba56e0 Exception <a 'java/lang/NoSuchMethodError'{0x00000000cc548da0}: 'java.lang.Object java.lang.invoke.Invokers$Holder.linkToTargetMethod(java.lang.Object, long, java.lang.Object)'> (0x00000000cc548da0) 
thrown [s\src\hotspot\share\interpreter\linkResolver.cpp, line 773]
Event: 19.483 Thread 0x0000022556ba56e0 Exception <a 'java/lang/NoSuchMethodError'{0x00000000cc5536b8}: 'java.lang.Object java.lang.invoke.DirectMethodHandle$Holder.newInvokeSpecial(java.lang.Object, java.lang.Object, int, java.lang.Object, java.lang.Object)'> (0x00000000cc5536b8) 
thrown [s\src\hotspot\share\interpreter\linkResolver.cpp, line 773]
Event: 19.530 Thread 0x0000022556ba56e0 Exception <a 'java/lang/NoSuchMethodError'{0x00000000cc41c488}: 'java.lang.Object java.lang.invoke.DirectMethodHandle$Holder.invokeStatic(java.lang.Object, java.lang.Object, java.lang.Object, int, java.lang.Object, java.lang.Object)'> (0x00000000cc41c488) 
thrown [s\src\hotspot\share\interpreter\linkResolver.cpp, line 773]
Event: 19.531 Thread 0x0000022556ba56e0 Exception <a 'java/lang/NoSuchMethodError'{0x00000000cc423e70}: 'java.lang.Object java.lang.invoke.DirectMethodHandle$Holder.newInvokeSpecial(java.lang.Object, java.lang.Object, java.lang.Object, int, java.lang.Object)'> (0x00000000cc423e70) 
thrown [s\src\hotspot\share\interpreter\linkResolver.cpp, line 773]
Event: 19.532 Thread 0x0000022556ba56e0 Exception <a 'java/lang/NoSuchMethodError'{0x00000000cc42b438}: 'java.lang.Object java.lang.invoke.Invokers$Holder.linkToTargetMethod(java.lang.Object, java.lang.Object, int, java.lang.Object, java.lang.Object)'> (0x00000000cc42b438) 
thrown [s\src\hotspot\share\interpreter\linkResolver.cpp, line 773]

ZGC Phase Switch (0 events):
No events

VM Operations (20 events):
Event: 3.269 Executing VM operation: HandshakeAllThreads (Deoptimize)
Event: 3.269 Executing VM operation: HandshakeAllThreads (Deoptimize) done
Event: 4.269 Executing VM operation: Cleanup
Event: 4.269 Executing VM operation: Cleanup done
Event: 8.242 Executing VM operation: HandshakeAllThreads (Deoptimize)
Event: 8.243 Executing VM operation: HandshakeAllThreads (Deoptimize) done
Event: 8.251 Executing VM operation: HandshakeAllThreads (Deoptimize)
Event: 8.252 Executing VM operation: HandshakeAllThreads (Deoptimize) done
Event: 8.252 Executing VM operation: Cleanup
Event: 8.252 Executing VM operation: Cleanup done
Event: 9.266 Executing VM operation: Cleanup
Event: 9.266 Executing VM operation: Cleanup done
Event: 10.267 Executing VM operation: Cleanup
Event: 10.267 Executing VM operation: Cleanup done
Event: 19.065 Executing VM operation: HandshakeAllThreads (Deoptimize)
Event: 19.065 Executing VM operation: HandshakeAllThreads (Deoptimize) done
Event: 19.065 Executing VM operation: Cleanup
Event: 19.065 Executing VM operation: Cleanup done
Event: 20.065 Executing VM operation: Cleanup
Event: 20.066 Executing VM operation: Cleanup done

Memory protections (0 events):
No events

Nmethod flushes (0 events):
No events

Events (20 events):
Event: 2.163 Thread 0x0000022556ba56e0 Thread added: 0x0000022571657560
Event: 2.467 Thread 0x0000022571657560 Thread exited: 0x0000022571657560
Event: 2.553 Thread 0x0000022556ba56e0 Thread added: 0x00000225717429a0
Event: 3.049 Thread 0x0000022556ba56e0 Thread added: 0x00000225717f83c0
Event: 3.100 Thread 0x0000022556ba56e0 Thread added: 0x00000225717c51c0
Event: 3.106 Thread 0x0000022556ba56e0 Thread added: 0x00000225717c5820
Event: 3.107 Thread 0x0000022556ba56e0 Thread added: 0x0000022571b812f0
Event: 3.115 Thread 0x00000225717c5820 Thread added: 0x0000022571b81950
Event: 3.268 Thread 0x0000022571b81950 Thread added: 0x0000022571773520
Event: 3.351 Thread 0x0000022556ba56e0 Thread added: 0x0000022571c32a20
Event: 3.360 Thread 0x0000022556ba56e0 Thread added: 0x0000022571c2fc30
Event: 3.472 Thread 0x00000225717f83c0 Thread added: 0x0000022571c31d00
Event: 3.476 Thread 0x00000225717f83c0 Thread added: 0x0000022571c302c0
Event: 3.478 Thread 0x00000225717f83c0 Thread added: 0x0000022571c30950
Event: 9.925 Thread 0x0000022556ba56e0 Thread added: 0x0000022571c32390
Event: 9.928 Thread 0x0000022556ba56e0 Thread added: 0x0000022571c31670
Event: 9.969 Thread 0x0000022571c32390 Thread added: 0x0000022571c2f5a0
Event: 9.974 Thread 0x0000022571c32390 Thread added: 0x0000022571c30fe0
Event: 9.975 Thread 0x0000022571c32390 Thread added: 0x00000225715c24d0
Event: 13.285 Thread 0x0000022571773520 Thread exited: 0x0000022571773520


Dynamic libraries:
0x00007ff796d00000 - 0x00007ff796d0e000 	C:\Users\PC\.p2\pool\plugins\org.eclipse.justj.openjdk.hotspot.jre.full.win32.x86_64_21.0.8.v20250724-1412\jre\bin\javaw.exe
0x00007ffad5900000 - 0x00007ffad5b67000 	C:\WINDOWS\SYSTEM32\ntdll.dll
0x00007fface5d0000 - 0x00007fface5f0000 	C:\Program Files\Avast Software\Avast\aswhook.dll
0x00007ffad3d50000 - 0x00007ffad3e19000 	C:\WINDOWS\System32\KERNEL32.DLL
0x00007ffad3290000 - 0x00007ffad3680000 	C:\WINDOWS\System32\KERNELBASE.dll
0x00007ffad2a30000 - 0x00007ffad2b7b000 	C:\WINDOWS\System32\ucrtbase.dll
0x00007ffac9500000 - 0x00007ffac9518000 	C:\Users\PC\.p2\pool\plugins\org.eclipse.justj.openjdk.hotspot.jre.full.win32.x86_64_21.0.8.v20250724-1412\jre\bin\jli.dll
0x00007ffad4ff0000 - 0x00007ffad51b5000 	C:\WINDOWS\System32\USER32.dll
0x00007ffad3260000 - 0x00007ffad3287000 	C:\WINDOWS\System32\win32u.dll
0x00007ffac65c0000 - 0x00007ffac65de000 	C:\Users\PC\.p2\pool\plugins\org.eclipse.justj.openjdk.hotspot.jre.full.win32.x86_64_21.0.8.v20250724-1412\jre\bin\VCRUNTIME140.dll
0x00007ffad5670000 - 0x00007ffad569b000 	C:\WINDOWS\System32\GDI32.dll
0x00007ffad3080000 - 0x00007ffad31b8000 	C:\WINDOWS\System32\gdi32full.dll
0x00007ffad2d00000 - 0x00007ffad2da3000 	C:\WINDOWS\System32\msvcp_win.dll
0x00007ffac2500000 - 0x00007ffac279a000 	C:\WINDOWS\WinSxS\amd64_microsoft.windows.common-controls_6595b64144ccf1df_6.0.26100.4768_none_3e0c112ce331287c\COMCTL32.dll
0x00007ffad3780000 - 0x00007ffad3829000 	C:\WINDOWS\System32\msvcrt.dll
0x00007ffad3840000 - 0x00007ffad386f000 	C:\WINDOWS\System32\IMM32.DLL
0x00007ffac9fc0000 - 0x00007ffac9fcc000 	C:\Users\PC\.p2\pool\plugins\org.eclipse.justj.openjdk.hotspot.jre.full.win32.x86_64_21.0.8.v20250724-1412\jre\bin\vcruntime140_1.dll
0x00007ffaba9b0000 - 0x00007ffabaa3d000 	C:\Users\PC\.p2\pool\plugins\org.eclipse.justj.openjdk.hotspot.jre.full.win32.x86_64_21.0.8.v20250724-1412\jre\bin\msvcp140.dll
0x00007ffa88770000 - 0x00007ffa89507000 	C:\Users\PC\.p2\pool\plugins\org.eclipse.justj.openjdk.hotspot.jre.full.win32.x86_64_21.0.8.v20250724-1412\jre\bin\server\jvm.dll
0x00007ffad3e20000 - 0x00007ffad3ed4000 	C:\WINDOWS\System32\ADVAPI32.dll
0x00007ffad3c20000 - 0x00007ffad3cc6000 	C:\WINDOWS\System32\sechost.dll
0x00007ffad57a0000 - 0x00007ffad58b8000 	C:\WINDOWS\System32\RPCRT4.dll
0x00007ffad44a0000 - 0x00007ffad4514000 	C:\WINDOWS\System32\WS2_32.dll
0x00007ffad2880000 - 0x00007ffad28de000 	C:\WINDOWS\SYSTEM32\POWRPROF.dll
0x00007ffacc940000 - 0x00007ffacc975000 	C:\WINDOWS\SYSTEM32\WINMM.dll
0x00007ffacc980000 - 0x00007ffacc98b000 	C:\WINDOWS\SYSTEM32\VERSION.dll
0x00007ffad2860000 - 0x00007ffad2874000 	C:\WINDOWS\SYSTEM32\UMPDC.dll
0x00007ffad17b0000 - 0x00007ffad17cb000 	C:\WINDOWS\SYSTEM32\kernel.appcore.dll
0x00007fface550000 - 0x00007fface55a000 	C:\Users\PC\.p2\pool\plugins\org.eclipse.justj.openjdk.hotspot.jre.full.win32.x86_64_21.0.8.v20250724-1412\jre\bin\jimage.dll
0x00007ffac7550000 - 0x00007ffac7791000 	C:\WINDOWS\SYSTEM32\DBGHELP.DLL
0x00007ffad3880000 - 0x00007ffad3c05000 	C:\WINDOWS\System32\combase.dll
0x00007ffad5330000 - 0x00007ffad5410000 	C:\WINDOWS\System32\OLEAUT32.dll
0x00007ffac6210000 - 0x00007ffac6253000 	C:\WINDOWS\SYSTEM32\dbgcore.DLL
0x00007ffad31c0000 - 0x00007ffad3259000 	C:\WINDOWS\System32\bcryptPrimitives.dll
0x00007ffacadd0000 - 0x00007ffacadef000 	C:\Users\PC\.p2\pool\plugins\org.eclipse.justj.openjdk.hotspot.jre.full.win32.x86_64_21.0.8.v20250724-1412\jre\bin\java.dll
0x00007ffad4520000 - 0x00007ffad4c6d000 	C:\WINDOWS\System32\SHELL32.dll
0x00007ffad2b80000 - 0x00007ffad2cf3000 	C:\WINDOWS\System32\wintypes.dll
0x00007ffad0650000 - 0x00007ffad0eb0000 	C:\WINDOWS\SYSTEM32\windows.storage.dll
0x00007ffad3ee0000 - 0x00007ffad3fd5000 	C:\WINDOWS\System32\SHCORE.dll
0x00007ffad4f80000 - 0x00007ffad4fea000 	C:\WINDOWS\System32\shlwapi.dll
0x00007ffad2950000 - 0x00007ffad2979000 	C:\WINDOWS\SYSTEM32\profapi.dll
0x00007ffaca310000 - 0x00007ffaca328000 	C:\Users\PC\.p2\pool\plugins\org.eclipse.justj.openjdk.hotspot.jre.full.win32.x86_64_21.0.8.v20250724-1412\jre\bin\zip.dll
0x00007ffacdaf0000 - 0x00007ffacdb00000 	C:\Users\PC\.p2\pool\plugins\org.eclipse.justj.openjdk.hotspot.jre.full.win32.x86_64_21.0.8.v20250724-1412\jre\bin\net.dll
0x00007ffac7300000 - 0x00007ffac741e000 	C:\WINDOWS\SYSTEM32\WINHTTP.dll
0x00007ffad1d40000 - 0x00007ffad1dab000 	C:\WINDOWS\system32\mswsock.dll
0x00007ffaca080000 - 0x00007ffaca096000 	C:\Users\PC\.p2\pool\plugins\org.eclipse.justj.openjdk.hotspot.jre.full.win32.x86_64_21.0.8.v20250724-1412\jre\bin\nio.dll
0x00007ffad12b0000 - 0x00007ffad13d6000 	C:\WINDOWS\SYSTEM32\DNSAPI.dll
0x00007ffad1270000 - 0x00007ffad12a3000 	C:\WINDOWS\SYSTEM32\IPHLPAPI.DLL
0x00007ffad5660000 - 0x00007ffad566a000 	C:\WINDOWS\System32\NSI.dll
0x00007ffac0940000 - 0x00007ffac094b000 	C:\Windows\System32\rasadhlp.dll
0x00007ffac4b50000 - 0x00007ffac4bd6000 	C:\WINDOWS\System32\fwpuclnt.dll
0x00007ffaca000000 - 0x00007ffaca009000 	C:\Users\PC\.p2\pool\plugins\org.eclipse.justj.openjdk.hotspot.jre.full.win32.x86_64_21.0.8.v20250724-1412\jre\bin\extnet.dll
0x00007ffad2010000 - 0x00007ffad202b000 	C:\WINDOWS\SYSTEM32\CRYPTSP.dll
0x00007ffad1710000 - 0x00007ffad174b000 	C:\WINDOWS\system32\rsaenh.dll
0x00007ffad1de0000 - 0x00007ffad1e0b000 	C:\WINDOWS\SYSTEM32\USERENV.dll
0x00007ffad2920000 - 0x00007ffad2946000 	C:\WINDOWS\SYSTEM32\bcrypt.dll
0x00007ffad2000000 - 0x00007ffad200c000 	C:\WINDOWS\SYSTEM32\CRYPTBASE.dll
0x00007ffac3fd0000 - 0x00007ffac3fda000 	C:\Users\PC\.p2\pool\plugins\org.eclipse.justj.openjdk.hotspot.jre.full.win32.x86_64_21.0.8.v20250724-1412\jre\bin\management.dll
0x00007ffac3fc0000 - 0x00007ffac3fcb000 	C:\Users\PC\.p2\pool\plugins\org.eclipse.justj.openjdk.hotspot.jre.full.win32.x86_64_21.0.8.v20250724-1412\jre\bin\management_ext.dll
0x00007ffad3c10000 - 0x00007ffad3c18000 	C:\WINDOWS\System32\PSAPI.DLL
0x00007ffaca070000 - 0x00007ffaca07e000 	C:\Users\PC\.p2\pool\plugins\org.eclipse.justj.openjdk.hotspot.jre.full.win32.x86_64_21.0.8.v20250724-1412\jre\bin\sunmscapi.dll
0x00007ffad2f00000 - 0x00007ffad3077000 	C:\WINDOWS\System32\CRYPT32.dll
0x00007ffad2220000 - 0x00007ffad2250000 	C:\WINDOWS\SYSTEM32\ncrypt.dll
0x00007ffad21d0000 - 0x00007ffad220f000 	C:\WINDOWS\SYSTEM32\NTASN1.dll
0x00007ffac2ca0000 - 0x00007ffac2ca8000 	C:\WINDOWS\system32\wshunix.dll

JVMTI agents: none

dbghelp: loaded successfully - version: 4.0.5 - missing functions: none
symbol engine: initialized successfully - sym options: 0x614 - pdb path: .;C:\Users\PC\.p2\pool\plugins\org.eclipse.justj.openjdk.hotspot.jre.full.win32.x86_64_21.0.8.v20250724-1412\jre\bin;C:\WINDOWS\SYSTEM32;C:\Program Files\Avast Software\Avast;C:\WINDOWS\WinSxS\amd64_microsoft.windows.common-controls_6595b64144ccf1df_6.0.26100.4768_none_3e0c112ce331287c;C:\Users\PC\.p2\pool\plugins\org.eclipse.justj.openjdk.hotspot.jre.full.win32.x86_64_21.0.8.v20250724-1412\jre\bin\server

VM Arguments:
jvm_args: -ea -Dfile.encoding=UTF-8 -Dstdout.encoding=UTF-8 -Dstderr.encoding=UTF-8 -XX:+ShowCodeDetailsInExceptionMessages 
java_command: org.testng.remote.RemoteTestNG -serport 52879 -protocol json -d C:\Users\PC\eclipse-workspace\bigproject\test-output C:\Users\PC\AppData\Local\Temp\testng-eclipse-525187687\testng-customsuite.xml
java_class_path (initial): C:\Users\PC\eclipse\java-2025-06\eclipse\configuration\org.eclipse.osgi\525\0\.cp\lib\testng-remote.jar;C:\Users\PC\eclipse-workspace\bigproject\target\test-classes;C:\Users\PC\eclipse-workspace\bigproject\target\classes;C:\Users\PC\.p2\pool\plugins\org.testng_7.11.0.r202503091654.jar;C:\Users\PC\.p2\pool\plugins\com.beust.jcommander_1.83.0.jar;C:\Users\PC\.p2\pool\plugins\slf4j.api_2.0.17.jar;C:\Users\PC\.p2\pool\plugins\org.yaml.snakeyaml_2.2.0.jar;C:\Users\PC\.p2\pool\plugins\org.webjars.jquery_3.7.1.jar;C:\Users\PC\.m2\repository\org\seleniumhq\selenium\selenium-java\4.35.0\selenium-java-4.35.0.jar;C:\Users\PC\.m2\repository\org\seleniumhq\selenium\selenium-api\4.35.0\selenium-api-4.35.0.jar;C:\Users\PC\.m2\repository\org\jspecify\jspecify\1.0.0\jspecify-1.0.0.jar;C:\Users\PC\.m2\repository\org\seleniumhq\selenium\selenium-chrome-driver\4.35.0\selenium-chrome-driver-4.35.0.jar;C:\Users\PC\.m2\repository\com\google\auto\service\auto-service-annotations\1.1.1\auto-service-annotations-1.1.1.jar;C:\Users\PC\.m2\repository\org\seleniumhq\selenium\selenium-chromium-driver\4.35.0\selenium-chromium-driver-4.35.0.jar;C:\Users\PC\.m2\repository\org\seleniumhq\selenium\selenium-json\4.35.0\selenium-json-4.35.0.jar;C:\Users\PC\.m2\repository\org\seleniumhq\selenium\selenium-manager\4.35.0\selenium-manager-4.35.0.jar;C:\Users\PC\.m2\repository\org\seleniumhq\selenium\selenium-devtools-v137\4.35.0\selenium-devtools-v137-4.35.0.jar;C:\Users\PC\.m2\repository\org\seleniumhq\selenium\selenium-devtools-v138\4.35.0\selenium-devtools-v138-4.35.0.jar;C:\Users\PC\.m2\repository\org\seleniumhq\selenium\selenium-devtools-v139\4.35.0\selenium-devtools-v139-4.35.0.jar;C:\Users\PC\.m2\repository\org\seleniumhq\selenium\selenium-edge-driver\4.35.0\selenium-edge-driver-4.35.0.jar;C:\Users\PC\.m2\repository\org\seleniumhq\selenium\selenium-firefox-driver\4.35.0\selenium-firefox-driver-4.35.0.jar;C:\Users\PC\.m2\repository\org\seleniumhq\selenium\selenium-http\4.35.0\selenium-http-4.35.0.jar;C:\Users\PC\.m2\repository\org\seleniumhq\selenium\selenium-ie-driver\4.35.0\selenium-ie-driver-4.35.0.jar;C:\Users\PC\.m2\repository\org\seleniumhq\selenium\selenium-remote-driver\4.35.0\selenium-remote-driver-4.35.0.jar;C:\Users\PC\.m2\repository\com\google\guava\guava\33.4.8-jre\guava-33.4.8-jre.jar;C:\Users\PC\.m2\repository\com\google\guava\failureaccess\1.0.3\failureaccess-1.0.3.jar;C:\Users\PC\.m2\repository\com\google\guava\listenablefuture\9999.0-empty-to-avoid-conflict-with-guava\listenablefuture-9999.0-empty-to-avoid-conflict-with-guava.jar;C:\Users\PC\.m2\repository\com\google\errorprone\error_prone_annotations\2.36.0\error_prone_annotations-2.36.0.jar;C:\Users\PC\.m2\repository\com\google\j2objc\j2objc-annotations\3.0.0\j2objc-annotations-3.0.0.jar;C:\Users\PC\.m2\repository\io\opentelemetry\opentelemetry-api\1.53.0\opentelemetry-api-1.53.0.jar;C:\Users\PC\.m2\repository\io\opentelemetry\opentelemetry-context\1.53.0\opentelemetry-context-1.53.0.jar;C:\Users\PC\.m2\repository\io\opentelemetry\opentelemetry-common\1.53.0\opentelemetry-common-1.53.0.jar;C:\Users\PC\.m2\repository\io\opentelemetry\opentelemetry-exporter-logging\1.53.0\opentelemetry-exporter-logging-1.53.0.jar;C:\Users\PC\.m2\repository\io\opentelemetry\opentelemetry-sdk-common\1.53.0\opentelemetry-sdk-common-1.53.0.jar;C:\Users\PC\.m2\repository\io\opentelemetry\opentelemetry-sdk-extension-autoconfigure-spi\1.53.0\opentelemetry-sdk-extension-autoconfigure-spi-1.53.0.jar;C:\Users\PC\.m2\repository\io\opentelemetry\opentelemetry-sdk-extension-autoconfigure\1.53.0\opentelemetry-sdk-extension-autoconfigure-1.53.0.jar;C:\Users\PC\.m2\repository\io\opentelemetry\opentelemetry-sdk-trace\1.53.0\opentelemetry-sdk-trace-1.53.0.jar;C:\Users\PC\.m2\repository\io\opentelemetry\opentelemetry-sdk\1.53.0\opentelemetry-sdk-1.53.0.jar;C:\Users\PC\.m2\repository\io\opentelemetry\opentelemetry-sdk-metrics\1.53.0\opentelemetry-sdk-metrics-1.53.0.jar;C:\Users\PC\.m2\repository\io\opentelemetry\opentelemetry-sdk-logs\1.53.0\opentelemetry-sdk-logs-1.53.0.jar;C:\Users\PC\.m2\repository\net\bytebuddy\byte-buddy\1.17.6\byte-buddy-1.17.6.jar;C:\Users\PC\.m2\repository\org\seleniumhq\selenium\selenium-os\4.35.0\selenium-os-4.35.0.jar;C:\Users\PC\.m2\repository\org\apache\commons\commons-exec\1.5.0\commons-exec-1.5.0.jar;C:\Users\PC\.m2\repository\org\seleniumhq\selenium\selenium-safari-driver\4.35.0\selenium-safari-driver-4.35.0.jar;C:\Users\PC\.m2\repository\org\seleniumhq\selenium\selenium-support\4.35.0\selenium-support-4.35.0.jar;C:\Users\PC\.m2\repository\org\testng\testng\7.11.0\testng-7.11.0.jar;C:\Users\PC\.m2\repository\org\slf4j\slf4j-api\2.0.16\slf4j-api-2.0.16.jar;C:\Users\PC\.m2\repository\org\jcommander\jcommander\1.83\jcommander-1.83.jar;C:\Users\PC\.m2\repository\org\webjars\jquery\3.7.1\jquery-3.7.1.jar
Launcher Type: SUN_STANDARD

[Global flags]
     intx CICompilerCount                          = 3                                         {product} {ergonomic}
     uint ConcGCThreads                            = 1                                         {product} {ergonomic}
     uint G1ConcRefinementThreads                  = 4                                         {product} {ergonomic}
   size_t G1HeapRegionSize                         = 1048576                                   {product} {ergonomic}
    uintx GCDrainStackTargetSize                   = 64                                        {product} {ergonomic}
   size_t InitialHeapSize                          = 58720256                                  {product} {ergonomic}
   size_t MarkStackSize                            = 4194304                                   {product} {ergonomic}
   size_t MaxHeapSize                              = 908066816                                 {product} {ergonomic}
   size_t MaxNewSize                               = 544210944                                 {product} {ergonomic}
   size_t MinHeapDeltaBytes                        = 1048576                                   {product} {ergonomic}
   size_t MinHeapSize                              = 8388608                                   {product} {ergonomic}
    uintx NonNMethodCodeHeapSize                   = 5832780                                {pd product} {ergonomic}
    uintx NonProfiledCodeHeapSize                  = 122912730                              {pd product} {ergonomic}
    uintx ProfiledCodeHeapSize                     = 122912730                              {pd product} {ergonomic}
    uintx ReservedCodeCacheSize                    = 251658240                              {pd product} {ergonomic}
     bool SegmentedCodeCache                       = true                                      {product} {ergonomic}
     bool ShowCodeDetailsInExceptionMessages       = true                                   {manageable} {command line}
   size_t SoftMaxHeapSize                          = 908066816                              {manageable} {ergonomic}
     bool UseCompressedOops                        = true                           {product lp64_product} {ergonomic}
     bool UseG1GC                                  = true                                      {product} {ergonomic}
     bool UseLargePagesIndividualAllocation        = false                                  {pd product} {ergonomic}

Logging:
Log output configuration:
 #0: stdout all=warning uptime,level,tags foldmultilines=false
 #1: stderr all=off uptime,level,tags foldmultilines=false

Environment Variables:
PATH=C:/Users/PC/.p2/pool/plugins/org.eclipse.justj.openjdk.hotspot.jre.full.win32.x86_64_21.0.8.v20250724-1412/jre/bin/server;C:/Users/PC/.p2/pool/plugins/org.eclipse.justj.openjdk.hotspot.jre.full.win32.x86_64_21.0.8.v20250724-1412/jre/bin;C:\Program Files\Common Files\Oracle\Java\javapath;C:\WINDOWS\system32;C:\WINDOWS;C:\WINDOWS\System32\Wbem;C:\WINDOWS\System32\WindowsPowerShell\v1.0\;C:\WINDOWS\System32\OpenSSH\;C:\Users\PC\AppData\Local\Microsoft\WindowsApps;C:\Users\PC\AppData\Local\gitkraken\bin;C:\Users\PC\OneDrive - LTUC\Desktop;
USERNAME=PC
OS=Windows_NT
PROCESSOR_IDENTIFIER=AMD64 Family 23 Model 24 Stepping 1, AuthenticAMD
TMP=C:\Users\PC\AppData\Local\Temp
TEMP=C:\Users\PC\AppData\Local\Temp




Periodic native trim disabled

---------------  S Y S T E M  ---------------

OS:
 Windows 11 , 64 bit Build 26100 (10.0.26100.4768)
OS uptime: 8 days 18:14 hours

CPU: total 4 (initial active 4) (4 cores per cpu, 2 threads per core) family 23 model 24 stepping 1 microcode 0x8108102, cx8, cmov, fxsr, ht, mmx, 3dnowpref, sse, sse2, sse3, ssse3, sse4a, sse4.1, sse4.2, popcnt, lzcnt, tsc, tscinvbit, avx, avx2, aes, clmul, bmi1, bmi2, adx, sha, fma, vzeroupper, clflush, clflushopt, rdtscp, f16c
Processor Information for the first 4 processors :
  Max Mhz: 2600, Current Mhz: 2600, Mhz Limit: 2600

Memory: 4k page, system-wide physical 3460M (442M free)
TotalPageFile size 14212M (AvailPageFile size 0M)
current process WorkingSet (physical memory assigned to process): 68M, peak: 121M
current process commit charge ("private bytes"): 160M, peak: 174M

vm_info: OpenJDK 64-Bit Server VM (21.0.8+9-LTS) for windows-amd64 JRE (21.0.8+9-LTS), built on 2025-07-15T00:00:00Z by "admin" with MS VC++ 17.7 (VS2022)

END.
