#
# There is insufficient memory for the Java Runtime Environment to continue.
# Native memory allocation (mmap) failed to map 58720256 bytes. Error detail: G1 virtual space
# Possible reasons:
#   The system is out of physical RAM or swap space
#   This process is running with CompressedOops enabled, and the Java Heap may be blocking the growth of the native heap
# Possible solutions:
#   Reduce memory load on the system
#   Increase physical memory or swap space
#   Check if swap backing store is full
#   Decrease Java heap size (-Xmx/-Xms)
#   Decrease number of Java threads
#   Decrease Java thread stack sizes (-Xss)
#   Set larger code cache with -XX:ReservedCodeCacheSize=
#   JVM is running with Unscaled Compressed Oops mode in which the Java heap is
#     placed in the first 4GB address space. The Java Heap base address is the
#     maximum limit for the native heap growth. Please use -XX:HeapBaseMinAddress
#     to set the Java Heap base and to place the Java Heap above 4GB virtual address.
# This output file may be truncated or incomplete.
#
#  Out of Memory Error (os_windows.cpp:3713), pid=17800, tid=9380
#
# JRE version:  (21.0.8+9) (build )
# Java VM: OpenJDK 64-Bit Server VM (21.0.8+9-LTS, mixed mode, sharing, tiered, compressed oops, compressed class ptrs, g1 gc, windows-amd64)
# No core dump will be written. Minidumps are not enabled by default on client versions of Windows
#

---------------  S U M M A R Y ------------

Command Line: -ea -Dfile.encoding=UTF-8 -Dstdout.encoding=UTF-8 -Dstderr.encoding=UTF-8 -XX:+ShowCodeDetailsInExceptionMessages org.testng.remote.RemoteTestNG -serport 50212 -protocol json -d C:\Users\PC\eclipse-workspace\bigproject\test-output C:\Users\PC\AppData\Local\Temp\testng-eclipse--1029275538\testng-customsuite.xml

Host: AMD Ryzen 3 3200U with Radeon Vega Mobile Gfx  , 4 cores, 3G,  Windows 11 , 64 bit Build 26100 (10.0.26100.4768)
Time: Sat Sep 13 22:05:33 2025 elapsed time: 2.175960 seconds (0d 0h 0m 2s)

---------------  T H R E A D  ---------------

Current thread (0x0000027e0c8e8340):  JavaThread "Unknown thread" [_thread_in_vm, id=9380, stack(0x000000de0cb00000,0x000000de0cc00000) (1024K)]

Stack: [0x000000de0cb00000,0x000000de0cc00000]
Native frames: (J=compiled Java code, j=interpreted, Vv=VM code, C=native code)
V  [jvm.dll+0x6d2449]
V  [jvm.dll+0x8ae341]
V  [jvm.dll+0x8b08be]
V  [jvm.dll+0x8b0fa3]
V  [jvm.dll+0x280c96]
V  [jvm.dll+0x6cec15]
V  [jvm.dll+0x6c2c3a]
V  [jvm.dll+0x35867a]
V  [jvm.dll+0x360246]
V  [jvm.dll+0x3b1f9e]
V  [jvm.dll+0x3b2248]
V  [jvm.dll+0x32c8fc]
V  [jvm.dll+0x32d45b]
V  [jvm.dll+0x8775d9]
V  [jvm.dll+0x3bed71]
V  [jvm.dll+0x8605d3]
V  [jvm.dll+0x4530ee]
V  [jvm.dll+0x454d31]
C  [jli.dll+0x5278]
C  [ucrtbase.dll+0x37b0]
C  [KERNEL32.DLL+0x2e8d7]
C  [ntdll.dll+0x3c34c]


---------------  P R O C E S S  ---------------

Threads class SMR info:
_java_thread_list=0x00007ffa893b11c8, length=0, elements={
}

Java Threads: ( => current thread )
Total: 0

Other Threads:
  0x0000027e0ccaa4f0 WorkerThread "GC Thread#0"                     [id=8516, stack(0x000000de0cc00000,0x000000de0cd00000) (1024K)]
  0x0000027e0ccb2020 ConcurrentGCThread "G1 Main Marker"            [id=10588, stack(0x000000de0cd00000,0x000000de0ce00000) (1024K)]
  0x0000027e0ccb2a30 WorkerThread "G1 Conc#0"                       [id=14188, stack(0x000000de0ce00000,0x000000de0cf00000) (1024K)]

[error occurred during error reporting (printing all threads), id 0xc0000005, EXCEPTION_ACCESS_VIOLATION (0xc0000005) at pc=0x00007ffa88aaf137]
VM state: not at safepoint (not fully initialized)

VM Mutex/Monitor currently owned by a thread:  ([mutex/lock_event])
[0x00007ffa89425558] Heap_lock - owner thread: 0x0000027e0c8e8340

Heap address: 0x00000000c9e00000, size: 866 MB, Compressed Oops mode: 32-bit

CDS archive(s) mapped at: [0x0000000000000000-0x0000000000000000-0x0000000000000000), size 0, SharedBaseAddress: 0x0000000800000000, ArchiveRelocationMode: 1.
Narrow klass base: 0x0000000000000000, Narrow klass shift: 0, Narrow klass range: 0x0

GC Precious Log:
 CardTable entry size: 512
 Card Set container configuration: InlinePtr #cards 5 size 8 Array Of Cards #cards 12 size 40 Howl #buckets 4 coarsen threshold 1843 Howl Bitmap #cards 512 size 80 coarsen threshold 460 Card regions per heap region 1 cards per card region 2048

Heap:
 garbage-first heap   total 0K, used 0K [0x00000000c9e00000, 0x0000000100000000)
  region size 1024K, 0 young (0K), 0 survivors (0K)

[error occurred during error reporting (printing heap information), id 0xc0000005, EXCEPTION_ACCESS_VIOLATION (0xc0000005) at pc=0x00007ffa88e9bba9]
GC Heap History (0 events):
No events

Dll operation events (1 events):
Event: 0.038 Loaded shared library C:\Users\PC\.p2\pool\plugins\org.eclipse.justj.openjdk.hotspot.jre.full.win32.x86_64_21.0.8.v20250724-1412\jre\bin\java.dll

Deoptimization events (0 events):
No events

Classes loaded (0 events):
No events

Classes unloaded (0 events):
No events

Classes redefined (0 events):
No events

Internal exceptions (0 events):
No events

ZGC Phase Switch (0 events):
No events

VM Operations (0 events):
No events

Memory protections (0 events):
No events

Nmethod flushes (0 events):
No events

Events (0 events):
No events


Dynamic libraries:
0x00007ff68cfe0000 - 0x00007ff68cfee000 	C:\Users\PC\.p2\pool\plugins\org.eclipse.justj.openjdk.hotspot.jre.full.win32.x86_64_21.0.8.v20250724-1412\jre\bin\javaw.exe
0x00007ffad5900000 - 0x00007ffad5b67000 	C:\WINDOWS\SYSTEM32\ntdll.dll
0x00007fface5d0000 - 0x00007fface5f0000 	C:\Program Files\Avast Software\Avast\aswhook.dll
0x00007ffad3d50000 - 0x00007ffad3e19000 	C:\WINDOWS\System32\KERNEL32.DLL
0x00007ffad3290000 - 0x00007ffad3680000 	C:\WINDOWS\System32\KERNELBASE.dll
0x00007ffad2a30000 - 0x00007ffad2b7b000 	C:\WINDOWS\System32\ucrtbase.dll
0x00007ffac1ab0000 - 0x00007ffac1ac8000 	C:\Users\PC\.p2\pool\plugins\org.eclipse.justj.openjdk.hotspot.jre.full.win32.x86_64_21.0.8.v20250724-1412\jre\bin\jli.dll
0x00007ffad4ff0000 - 0x00007ffad51b5000 	C:\WINDOWS\System32\USER32.dll
0x00007ffad3260000 - 0x00007ffad3287000 	C:\WINDOWS\System32\win32u.dll
0x00007ffad5670000 - 0x00007ffad569b000 	C:\WINDOWS\System32\GDI32.dll
0x00007ffad3080000 - 0x00007ffad31b8000 	C:\WINDOWS\System32\gdi32full.dll
0x00007ffad2d00000 - 0x00007ffad2da3000 	C:\WINDOWS\System32\msvcp_win.dll
0x00007ffac1830000 - 0x00007ffac184e000 	C:\Users\PC\.p2\pool\plugins\org.eclipse.justj.openjdk.hotspot.jre.full.win32.x86_64_21.0.8.v20250724-1412\jre\bin\VCRUNTIME140.dll
0x00007ffac2500000 - 0x00007ffac279a000 	C:\WINDOWS\WinSxS\amd64_microsoft.windows.common-controls_6595b64144ccf1df_6.0.26100.4768_none_3e0c112ce331287c\COMCTL32.dll
0x00007ffad3780000 - 0x00007ffad3829000 	C:\WINDOWS\System32\msvcrt.dll
0x00007ffad3840000 - 0x00007ffad386f000 	C:\WINDOWS\System32\IMM32.DLL
0x00007ffacd990000 - 0x00007ffacd99c000 	C:\Users\PC\.p2\pool\plugins\org.eclipse.justj.openjdk.hotspot.jre.full.win32.x86_64_21.0.8.v20250724-1412\jre\bin\vcruntime140_1.dll
0x00007ffa8c410000 - 0x00007ffa8c49d000 	C:\Users\PC\.p2\pool\plugins\org.eclipse.justj.openjdk.hotspot.jre.full.win32.x86_64_21.0.8.v20250724-1412\jre\bin\msvcp140.dll
0x00007ffa88770000 - 0x00007ffa89507000 	C:\Users\PC\.p2\pool\plugins\org.eclipse.justj.openjdk.hotspot.jre.full.win32.x86_64_21.0.8.v20250724-1412\jre\bin\server\jvm.dll
0x00007ffad3e20000 - 0x00007ffad3ed4000 	C:\WINDOWS\System32\ADVAPI32.dll
0x00007ffad3c20000 - 0x00007ffad3cc6000 	C:\WINDOWS\System32\sechost.dll
0x00007ffad57a0000 - 0x00007ffad58b8000 	C:\WINDOWS\System32\RPCRT4.dll
0x00007ffad44a0000 - 0x00007ffad4514000 	C:\WINDOWS\System32\WS2_32.dll
0x00007ffad2880000 - 0x00007ffad28de000 	C:\WINDOWS\SYSTEM32\POWRPROF.dll
0x00007ffacc940000 - 0x00007ffacc975000 	C:\WINDOWS\SYSTEM32\WINMM.dll
0x00007ffacc980000 - 0x00007ffacc98b000 	C:\WINDOWS\SYSTEM32\VERSION.dll
0x00007ffad2860000 - 0x00007ffad2874000 	C:\WINDOWS\SYSTEM32\UMPDC.dll
0x00007ffad17b0000 - 0x00007ffad17cb000 	C:\WINDOWS\SYSTEM32\kernel.appcore.dll
0x00007ffacade0000 - 0x00007ffacadea000 	C:\Users\PC\.p2\pool\plugins\org.eclipse.justj.openjdk.hotspot.jre.full.win32.x86_64_21.0.8.v20250724-1412\jre\bin\jimage.dll
0x00007ffac7550000 - 0x00007ffac7791000 	C:\WINDOWS\SYSTEM32\DBGHELP.DLL
0x00007ffad3880000 - 0x00007ffad3c05000 	C:\WINDOWS\System32\combase.dll
0x00007ffad5330000 - 0x00007ffad5410000 	C:\WINDOWS\System32\OLEAUT32.dll
0x00007ffac6210000 - 0x00007ffac6253000 	C:\WINDOWS\SYSTEM32\dbgcore.DLL
0x00007ffad31c0000 - 0x00007ffad3259000 	C:\WINDOWS\System32\bcryptPrimitives.dll
0x00007ffaca310000 - 0x00007ffaca32f000 	C:\Users\PC\.p2\pool\plugins\org.eclipse.justj.openjdk.hotspot.jre.full.win32.x86_64_21.0.8.v20250724-1412\jre\bin\java.dll

JVMTI agents: none

dbghelp: loaded successfully - version: 4.0.5 - missing functions: none
symbol engine: initialized successfully - sym options: 0x614 - pdb path: .;C:\Users\PC\.p2\pool\plugins\org.eclipse.justj.openjdk.hotspot.jre.full.win32.x86_64_21.0.8.v20250724-1412\jre\bin;C:\WINDOWS\SYSTEM32;C:\Program Files\Avast Software\Avast;C:\WINDOWS\WinSxS\amd64_microsoft.windows.common-controls_6595b64144ccf1df_6.0.26100.4768_none_3e0c112ce331287c;C:\Users\PC\.p2\pool\plugins\org.eclipse.justj.openjdk.hotspot.jre.full.win32.x86_64_21.0.8.v20250724-1412\jre\bin\server

VM Arguments:
jvm_args: -ea -Dfile.encoding=UTF-8 -Dstdout.encoding=UTF-8 -Dstderr.encoding=UTF-8 -XX:+ShowCodeDetailsInExceptionMessages 
java_command: org.testng.remote.RemoteTestNG -serport 50212 -protocol json -d C:\Users\PC\eclipse-workspace\bigproject\test-output C:\Users\PC\AppData\Local\Temp\testng-eclipse--1029275538\testng-customsuite.xml
java_class_path (initial): C:\Users\PC\eclipse\java-2025-06\eclipse\configuration\org.eclipse.osgi\525\0\.cp\lib\testng-remote.jar;C:\Users\PC\eclipse-workspace\bigproject\target\test-classes;C:\Users\PC\eclipse-workspace\bigproject\target\classes;C:\Users\PC\.p2\pool\plugins\org.testng_7.11.0.r202503091654.jar;C:\Users\PC\.p2\pool\plugins\com.beust.jcommander_1.83.0.jar;C:\Users\PC\.p2\pool\plugins\slf4j.api_2.0.17.jar;C:\Users\PC\.p2\pool\plugins\org.yaml.snakeyaml_2.2.0.jar;C:\Users\PC\.p2\pool\plugins\org.webjars.jquery_3.7.1.jar;C:\Users\PC\.m2\repository\org\seleniumhq\selenium\selenium-java\4.35.0\selenium-java-4.35.0.jar;C:\Users\PC\.m2\repository\org\seleniumhq\selenium\selenium-api\4.35.0\selenium-api-4.35.0.jar;C:\Users\PC\.m2\repository\org\jspecify\jspecify\1.0.0\jspecify-1.0.0.jar;C:\Users\PC\.m2\repository\org\seleniumhq\selenium\selenium-chrome-driver\4.35.0\selenium-chrome-driver-4.35.0.jar;C:\Users\PC\.m2\repository\com\google\auto\service\auto-service-annotations\1.1.1\auto-service-annotations-1.1.1.jar;C:\Users\PC\.m2\repository\org\seleniumhq\selenium\selenium-chromium-driver\4.35.0\selenium-chromium-driver-4.35.0.jar;C:\Users\PC\.m2\repository\org\seleniumhq\selenium\selenium-json\4.35.0\selenium-json-4.35.0.jar;C:\Users\PC\.m2\repository\org\seleniumhq\selenium\selenium-manager\4.35.0\selenium-manager-4.35.0.jar;C:\Users\PC\.m2\repository\org\seleniumhq\selenium\selenium-devtools-v137\4.35.0\selenium-devtools-v137-4.35.0.jar;C:\Users\PC\.m2\repository\org\seleniumhq\selenium\selenium-devtools-v138\4.35.0\selenium-devtools-v138-4.35.0.jar;C:\Users\PC\.m2\repository\org\seleniumhq\selenium\selenium-devtools-v139\4.35.0\selenium-devtools-v139-4.35.0.jar;C:\Users\PC\.m2\repository\org\seleniumhq\selenium\selenium-edge-driver\4.35.0\selenium-edge-driver-4.35.0.jar;C:\Users\PC\.m2\repository\org\seleniumhq\selenium\selenium-firefox-driver\4.35.0\selenium-firefox-driver-4.35.0.jar;C:\Users\PC\.m2\repository\org\seleniumhq\selenium\selenium-http\4.35.0\selenium-http-4.35.0.jar;C:\Users\PC\.m2\repository\org\seleniumhq\selenium\selenium-ie-driver\4.35.0\selenium-ie-driver-4.35.0.jar;C:\Users\PC\.m2\repository\org\seleniumhq\selenium\selenium-remote-driver\4.35.0\selenium-remote-driver-4.35.0.jar;C:\Users\PC\.m2\repository\com\google\guava\guava\33.4.8-jre\guava-33.4.8-jre.jar;C:\Users\PC\.m2\repository\com\google\guava\failureaccess\1.0.3\failureaccess-1.0.3.jar;C:\Users\PC\.m2\repository\com\google\guava\listenablefuture\9999.0-empty-to-avoid-conflict-with-guava\listenablefuture-9999.0-empty-to-avoid-conflict-with-guava.jar;C:\Users\PC\.m2\repository\com\google\errorprone\error_prone_annotations\2.36.0\error_prone_annotations-2.36.0.jar;C:\Users\PC\.m2\repository\com\google\j2objc\j2objc-annotations\3.0.0\j2objc-annotations-3.0.0.jar;C:\Users\PC\.m2\repository\io\opentelemetry\opentelemetry-api\1.53.0\opentelemetry-api-1.53.0.jar;C:\Users\PC\.m2\repository\io\opentelemetry\opentelemetry-context\1.53.0\opentelemetry-context-1.53.0.jar;C:\Users\PC\.m2\repository\io\opentelemetry\opentelemetry-common\1.53.0\opentelemetry-common-1.53.0.jar;C:\Users\PC\.m2\repository\io\opentelemetry\opentelemetry-exporter-logging\1.53.0\opentelemetry-exporter-logging-1.53.0.jar;C:\Users\PC\.m2\repository\io\opentelemetry\opentelemetry-sdk-common\1.53.0\opentelemetry-sdk-common-1.53.0.jar;C:\Users\PC\.m2\repository\io\opentelemetry\opentelemetry-sdk-extension-autoconfigure-spi\1.53.0\opentelemetry-sdk-extension-autoconfigure-spi-1.53.0.jar;C:\Users\PC\.m2\repository\io\opentelemetry\opentelemetry-sdk-extension-autoconfigure\1.53.0\opentelemetry-sdk-extension-autoconfigure-1.53.0.jar;C:\Users\PC\.m2\repository\io\opentelemetry\opentelemetry-sdk-trace\1.53.0\opentelemetry-sdk-trace-1.53.0.jar;C:\Users\PC\.m2\repository\io\opentelemetry\opentelemetry-sdk\1.53.0\opentelemetry-sdk-1.53.0.jar;C:\Users\PC\.m2\repository\io\opentelemetry\opentelemetry-sdk-metrics\1.53.0\opentelemetry-sdk-metrics-1.53.0.jar;C:\Users\PC\.m2\repository\io\opentelemetry\opentelemetry-sdk-logs\1.53.0\opentelemetry-sdk-logs-1.53.0.jar;C:\Users\PC\.m2\repository\net\bytebuddy\byte-buddy\1.17.6\byte-buddy-1.17.6.jar;C:\Users\PC\.m2\repository\org\seleniumhq\selenium\selenium-os\4.35.0\selenium-os-4.35.0.jar;C:\Users\PC\.m2\repository\org\apache\commons\commons-exec\1.5.0\commons-exec-1.5.0.jar;C:\Users\PC\.m2\repository\org\seleniumhq\selenium\selenium-safari-driver\4.35.0\selenium-safari-driver-4.35.0.jar;C:\Users\PC\.m2\repository\org\seleniumhq\selenium\selenium-support\4.35.0\selenium-support-4.35.0.jar;C:\Users\PC\.m2\repository\org\testng\testng\7.11.0\testng-7.11.0.jar;C:\Users\PC\.m2\repository\org\slf4j\slf4j-api\2.0.16\slf4j-api-2.0.16.jar;C:\Users\PC\.m2\repository\org\jcommander\jcommander\1.83\jcommander-1.83.jar;C:\Users\PC\.m2\repository\org\webjars\jquery\3.7.1\jquery-3.7.1.jar
Launcher Type: SUN_STANDARD

[Global flags]
     intx CICompilerCount                          = 3                                         {product} {ergonomic}
     uint ConcGCThreads                            = 1                                         {product} {ergonomic}
     uint G1ConcRefinementThreads                  = 4                                         {product} {ergonomic}
   size_t G1HeapRegionSize                         = 1048576                                   {product} {ergonomic}
    uintx GCDrainStackTargetSize                   = 64                                        {product} {ergonomic}
   size_t InitialHeapSize                          = 58720256                                  {product} {ergonomic}
   size_t MarkStackSize                            = 4194304                                   {product} {ergonomic}
   size_t MaxHeapSize                              = 908066816                                 {product} {ergonomic}
   size_t MinHeapDeltaBytes                        = 1048576                                   {product} {ergonomic}
   size_t MinHeapSize                              = 8388608                                   {product} {ergonomic}
    uintx NonNMethodCodeHeapSize                   = 5832780                                {pd product} {ergonomic}
    uintx NonProfiledCodeHeapSize                  = 122912730                              {pd product} {ergonomic}
    uintx ProfiledCodeHeapSize                     = 122912730                              {pd product} {ergonomic}
    uintx ReservedCodeCacheSize                    = 251658240                              {pd product} {ergonomic}
     bool SegmentedCodeCache                       = true                                      {product} {ergonomic}
     bool ShowCodeDetailsInExceptionMessages       = true                                   {manageable} {command line}
   size_t SoftMaxHeapSize                          = 908066816                              {manageable} {ergonomic}
     bool UseCompressedOops                        = true                           {product lp64_product} {ergonomic}
     bool UseG1GC                                  = true                                      {product} {ergonomic}
     bool UseLargePagesIndividualAllocation        = false                                  {pd product} {ergonomic}

Logging:
Log output configuration:
 #0: stdout all=warning uptime,level,tags foldmultilines=false
 #1: stderr all=off uptime,level,tags foldmultilines=false

Environment Variables:
PATH=C:/Users/PC/.p2/pool/plugins/org.eclipse.justj.openjdk.hotspot.jre.full.win32.x86_64_21.0.8.v20250724-1412/jre/bin/server;C:/Users/PC/.p2/pool/plugins/org.eclipse.justj.openjdk.hotspot.jre.full.win32.x86_64_21.0.8.v20250724-1412/jre/bin;C:\Program Files\Common Files\Oracle\Java\javapath;C:\WINDOWS\system32;C:\WINDOWS;C:\WINDOWS\System32\Wbem;C:\WINDOWS\System32\WindowsPowerShell\v1.0\;C:\WINDOWS\System32\OpenSSH\;C:\Users\PC\AppData\Local\Microsoft\WindowsApps;C:\Users\PC\AppData\Local\gitkraken\bin;C:\Users\PC\OneDrive - LTUC\Desktop;
USERNAME=PC
OS=Windows_NT
PROCESSOR_IDENTIFIER=AMD64 Family 23 Model 24 Stepping 1, AuthenticAMD
TMP=C:\Users\PC\AppData\Local\Temp
TEMP=C:\Users\PC\AppData\Local\Temp




Periodic native trim disabled

---------------  S Y S T E M  ---------------

OS:
 Windows 11 , 64 bit Build 26100 (10.0.26100.4768)
OS uptime: 8 days 17:28 hours

CPU: total 4 (initial active 4) (4 cores per cpu, 2 threads per core) family 23 model 24 stepping 1 microcode 0x8108102, cx8, cmov, fxsr, ht, mmx, 3dnowpref, sse, sse2, sse3, ssse3, sse4a, sse4.1, sse4.2, popcnt, lzcnt, tsc, tscinvbit, avx, avx2, aes, clmul, bmi1, bmi2, adx, sha, fma, vzeroupper, clflush, clflushopt, rdtscp, f16c
Processor Information for the first 4 processors :
  Max Mhz: 2600, Current Mhz: 2600, Mhz Limit: 2600

Memory: 4k page, system-wide physical 3460M (189M free)
TotalPageFile size 14212M (AvailPageFile size 20M)
current process WorkingSet (physical memory assigned to process): 12M, peak: 12M
current process commit charge ("private bytes"): 51M, peak: 107M

vm_info: OpenJDK 64-Bit Server VM (21.0.8+9-LTS) for windows-amd64 JRE (21.0.8+9-LTS), built on 2025-07-15T00:00:00Z by "admin" with MS VC++ 17.7 (VS2022)

END.
